#-----------------------------------------------------------
# PlanAhead v13.2
# Build 131561 by hdbuild on Thu Jun 16 17:01:57 PDT 2011
# Start of session at: Sat Mar 22 09:33:43 2014
# Process ID: 3228
# Log file: C:/STUDENTEN/Pieter en Gijs/labo4oef1/planAhead_run_1/planAhead.log
# Journal file: C:/STUDENTEN/Pieter en Gijs/labo4oef1/planAhead_run_1/planAhead.jou
#-----------------------------------------------------------
INFO: [Common-78] Attempting to get a license: PlanAhead
INFO: [Common-82] Got a license: PlanAhead
INFO: [Common-86] Your PlanAhead license expires in -691 day(s)
INFO: [ArchReader-0] Loading parts and site information from C:\Xilinx\13.2\ISE_DS\PlanAhead\parts\arch.xml
Parsing RTL primitives file [C:\Xilinx\13.2\ISE_DS\PlanAhead\parts\xilinx\rtl\prims\rtl_prims.xml]
Finished parsing RTL primitives file [C:\Xilinx\13.2\ISE_DS\PlanAhead\parts\xilinx\rtl\prims\rtl_prims.xml]
start_gui
source {C:/STUDENTEN/Pieter en Gijs/labo4oef1/pa.fromNetlist.tcl}
# create_project -name labo4oef1 -dir "C:/STUDENTEN/Pieter en Gijs/labo4oef1/planAhead_run_1" -part xc3s100ecp132-4
Parsing template File [C:\Xilinx\13.2\ISE_DS\ISE\data\projnav\templates\verilog.xml].
Finished parsing template File [C:\Xilinx\13.2\ISE_DS\ISE\data\projnav\templates\verilog.xml].
Parsing template File [C:\Xilinx\13.2\ISE_DS\ISE\data\projnav\templates\vhdl.xml].
Finished parsing template File [C:\Xilinx\13.2\ISE_DS\ISE\data\projnav\templates\vhdl.xml].
Parsing template File [C:\Xilinx\13.2\ISE_DS\ISE\data\projnav\templates\ucf.xml].
Finished parsing template File [C:\Xilinx\13.2\ISE_DS\ISE\data\projnav\templates\ucf.xml].
create_project: Time (s): 6.500w.  Memory (MB): 328.844p 16.031g
ERROR: 'rdi::source' was cancelled
exit
stop_gui
INFO: [PlanAhead-261] Exiting PlanAhead...
INFO: [Common-83] Releasing license: PlanAhead
